2025-07-16 12:42:04,707 - INFO - [INFO] Starting new test with model: command-light
2025-07-16 12:42:04,713 - INFO - [TEST] Running summarizer using Cohere API...
2025-07-16 12:42:04,733 - INFO - [START] Summarizing 16 chunks with model `command-light` using 4 workers.
2025-07-16 12:42:22,404 - INFO - [DONE] Cohere summarization completed in 17.69 seconds.
2025-07-16 12:42:22,405 - INFO - [INFO] Final output: 7546 characters across 16 chunks.
2025-07-16 12:46:51,784 - INFO - [INFO] Starting new test with model: command-light
2025-07-16 12:46:51,788 - INFO - [TEST] Running summarizer using Cohere API...
2025-07-16 12:46:51,801 - INFO - [START] Summarizing 16 chunks with model `command-light` using 4 workers.
2025-07-16 12:47:06,238 - INFO - [DONE] Cohere summarization completed in 14.45 seconds.
2025-07-16 12:47:06,238 - INFO - [INFO] Final output: 9291 characters across 16 chunks.
2025-07-16 16:29:25,440 - INFO - [INFO] Starting new test with model: command-light
2025-07-16 16:30:01,430 - INFO - [INFO] Loaded Whisper model 'base' on CPU in 2.34s
2025-07-16 16:30:46,443 - INFO - [INFO] Starting new test with model: command-light
2025-07-16 16:30:49,118 - INFO - [INFO] Loaded Whisper model 'base' on CPU in 2.43s
2025-07-16 16:31:17,279 - ERROR - An error occurred during podcast processing
Traceback (most recent call last):
  File "C:\Users\moazh\Desktop\Podcast_Audio_RAG\app.py", line 98, in <module>
    process_podcast(file_path, model_size=model_size)
  File "C:\Users\moazh\Desktop\Podcast_Audio_RAG\app.py", line 60, in process_podcast
    transcription = transcribe_podcast(file_path, model_size=model_size)
                    ^^^^^^^^^^^^^^^^^^
NameError: name 'transcribe_podcast' is not defined
2025-07-16 16:35:41,430 - INFO - [INFO] Starting new test with model: command-light
2025-07-16 16:36:09,858 - INFO - [INFO] Loaded Whisper model 'base' on CPU in 2.42s
2025-07-16 16:36:09,860 - INFO - [START] Transcribing file: C:\Users\moazh\Desktop\Podcast_Audio_RAG\temp\tmpchng0quc.mp3
2025-07-16 16:36:11,514 - INFO - Processing audio with duration 04:10.984
2025-07-16 16:37:27,706 - INFO - [DONE] Transcription completed in 77.84s
2025-07-16 16:37:27,717 - INFO - [INFO] Duration: 250.98s | Language: en | Segments: 52
2025-07-16 16:37:28,005 - INFO - Transcription took 80.57 seconds
2025-07-16 16:37:28,071 - INFO - [START] Summarizing 3 chunks with model `command-light` using 4 workers.
2025-07-16 16:37:37,110 - INFO - [DONE] Cohere summarization completed in 9.05 seconds.
2025-07-16 16:37:37,112 - INFO - [INFO] Final output: 1806 characters across 3 chunks.
2025-07-16 16:37:38,781 - INFO - Summarization took 10.74 seconds
2025-07-16 16:37:38,782 - INFO - [FACT CHECK] Started for input: The podcast transcript discusses Space X's most recent rocket launch, specifically the Starship's te...
2025-07-16 16:37:40,293 - INFO - HTTP Request: POST https://api.cohere.com/v1/chat "HTTP/1.1 200 OK"
2025-07-16 16:37:41,145 - INFO - [INFO] Running 3 threaded searches.
2025-07-16 16:37:41,147 - INFO - [SEARCH] Querying: Space X starship test launch Texas
2025-07-16 16:37:41,151 - INFO - [SEARCH] Querying: SpaceX starship launch issues
2025-07-16 16:37:41,157 - INFO - [SEARCH] Querying: Jeff Brumfield podcast 2025
2025-07-16 16:37:43,217 - INFO - [RESULT] Jeff Brumfield podcast 2025 => Jeff Brumfield reported on NPR News Now in 2025 about legislative agendas and oil prices. Brumfield'...
2025-07-16 16:37:43,364 - INFO - [RESULT] Space X starship test launch Texas => SpaceX's ninth Starship test launch occurred on May 27, 2024, in Texas. The next Starship flight tes...
2025-07-16 16:37:43,926 - INFO - [RESULT] SpaceX starship launch issues => SpaceX Starship faced multiple launch failures due to fuel leaks and structural issues, with the mos...
2025-07-16 16:37:44,328 - INFO - HTTP Request: POST https://api.cohere.com/v1/chat "HTTP/1.1 200 OK"
2025-07-16 16:37:47,876 - INFO - [FACT CHECK] Completed successfully.
2025-07-16 16:37:47,876 - INFO - Fact Check took 9.1 seconds
2025-07-16 16:37:57,201 - INFO - HTTP Request: POST https://api.cohere.com/v1/chat "HTTP/1.1 200 OK"
2025-07-16 16:37:57,211 - INFO - Report generation took 9.3 seconds
2025-07-16 16:37:57,212 - INFO - Total report generation took 29.18 seconds
2025-07-16 16:37:57,215 - INFO - Report generation took 29.20 seconds
2025-07-16 16:37:57,216 - INFO - Total processing time: 109.78 seconds
2025-07-16 17:30:26,585 - INFO - [INFO] Starting new test with model: command-light
2025-07-16 17:31:08,228 - INFO - [INFO] Starting new test with model: command-light
2025-07-16 17:31:13,018 - INFO - [START] Summarizing 1 chunks with model `command-light` using 4 workers.
2025-07-16 17:31:15,508 - INFO - [DONE] Cohere summarization completed in 2.49 seconds.
2025-07-16 17:31:15,509 - INFO - [INFO] Final output: 180 characters across 1 chunks.
2025-07-16 17:31:16,586 - INFO - [FACT CHECK] Started for input: Donald Trump and Epsten were friends and had an influential relationship. Trump claims he brought Ep...
2025-07-16 17:31:17,285 - INFO - HTTP Request: POST https://api.cohere.com/v1/chat "HTTP/1.1 200 OK"
2025-07-16 17:31:18,041 - INFO - [INFO] Running 2 threaded searches.
2025-07-16 17:31:18,042 - INFO - [SEARCH] Querying: Donald Trump Epstein friends
2025-07-16 17:31:18,043 - INFO - [SEARCH] Querying: Donald Trump Epstein influential relationship
2025-07-16 17:31:20,406 - INFO - [RESULT] Donald Trump Epstein influential relationship => Donald Trump and Jeffrey Epstein had a known relationship, with Epstein claiming to have been Trump'...
2025-07-16 17:31:20,776 - INFO - [RESULT] Donald Trump Epstein friends => Donald Trump and Jeffrey Epstein had a close relationship, with Epstein claiming to be Trump's close...
2025-07-16 17:31:21,122 - INFO - HTTP Request: POST https://api.cohere.com/v1/chat "HTTP/1.1 200 OK"
2025-07-16 17:31:21,838 - INFO - [INFO] Running 1 threaded searches.
2025-07-16 17:31:21,839 - INFO - [SEARCH] Querying: Trump Epstein brought young girls
2025-07-16 17:31:24,025 - INFO - [RESULT] Trump Epstein brought young girls => Donald Trump was accused of associating with Jeffrey Epstein, who was convicted of sex trafficking, ...
2025-07-16 17:31:24,394 - INFO - HTTP Request: POST https://api.cohere.com/v1/chat "HTTP/1.1 200 OK"
2025-07-16 17:31:26,392 - INFO - [FACT CHECK] Completed successfully.
2025-07-16 17:31:26,393 - INFO - [DONE] Fact Check completed in 9.81s
2025-07-16 17:31:28,608 - INFO - HTTP Request: POST https://api.cohere.com/v1/chat "HTTP/1.1 200 OK"
2025-07-16 17:31:28,613 - INFO - [DONE] Report generated in 2.17 seconds.
2025-07-16 17:34:42,409 - INFO - [INFO] Starting new test with model: command-light
2025-07-16 17:34:46,119 - INFO - [START] Summarizing 1 chunks with model `command-light` using 4 workers.
2025-07-16 17:34:48,535 - INFO - [DONE] Cohere summarization completed in 2.42 seconds.
2025-07-16 17:34:48,537 - INFO - [INFO] Final output: 367 characters across 1 chunks.
2025-07-16 17:34:49,679 - INFO - [FACT CHECK] Started for input: Trump and Epstein were close friends, and Trump credits himself with introducing Epstein to many you...
2025-07-16 17:34:50,247 - INFO - HTTP Request: POST https://api.cohere.com/v1/chat "HTTP/1.1 200 OK"
2025-07-16 17:34:51,086 - INFO - [INFO] Running 5 threaded searches.
2025-07-16 17:34:51,087 - INFO - [SEARCH] Querying: Trump and Epstein were close friends
2025-07-16 17:34:51,088 - INFO - [SEARCH] Querying: Trump credits himself with introducing Epstein to many young girls
2025-07-16 17:34:51,091 - INFO - [SEARCH] Querying: Trump said he had nothing to do with Epstein's sexual conduct
2025-07-16 17:34:51,092 - INFO - [SEARCH] Querying: Trump shared personal experiences with Epstein
2025-07-16 17:34:51,095 - INFO - [SEARCH] Querying: Trump trusted Epstein
2025-07-16 17:34:53,269 - INFO - [RESULT] Trump shared personal experiences with Epstein => Donald Trump has publicly denied any personal involvement with Jeffrey Epstein. He has also dismisse...
2025-07-16 17:34:53,270 - INFO - [RESULT] Trump and Epstein were close friends => Donald Trump and Jeffrey Epstein had a close relationship in the past, but Trump publicly denied the...
2025-07-16 17:34:53,492 - INFO - [RESULT] Trump credits himself with introducing Epstein to many young girls => Trump has denied any involvement in Epstein's activities and claimed that others fabricated the file...
2025-07-16 17:34:53,549 - INFO - [RESULT] Trump trusted Epstein => Trump downplayed the Epstein case and dismissed it as unimportant to his supporters. He denied any t...
2025-07-16 17:34:53,823 - INFO - [RESULT] Trump said he had nothing to do with Epstein's sexual conduct => Donald Trump publicly denied involvement in any of Jeffrey Epstein's sexual conduct. He emphasized t...
2025-07-16 17:34:54,190 - INFO - HTTP Request: POST https://api.cohere.com/v1/chat "HTTP/1.1 200 OK"
2025-07-16 17:34:56,595 - INFO - [FACT CHECK] Completed successfully.
2025-07-16 17:34:56,596 - INFO - [DONE] Fact Check completed in 6.92s
2025-07-16 17:34:59,056 - INFO - HTTP Request: POST https://api.cohere.com/v1/chat "HTTP/1.1 200 OK"
2025-07-16 17:34:59,060 - INFO - [DONE] Report generated in 2.38 seconds.
2025-07-16 17:38:24,983 - INFO - [INFO] Starting new test with model: command-light
2025-07-16 17:38:52,559 - INFO - [INFO] Starting new test with model: command-light
2025-07-16 17:38:55,065 - INFO - [START] Summarizing 1 chunks with model `command-light` using 4 workers.
2025-07-16 17:38:57,453 - INFO - [DONE] Cohere summarization completed in 2.39 seconds.
2025-07-16 17:38:57,453 - INFO - [INFO] Final output: 327 characters across 1 chunks.
2025-07-16 17:38:58,570 - INFO - [FACT CHECK] Started for input: Donald Trump and Epstien were both famous artists who enjoyed a close friendship. Trump claimed to h...
2025-07-16 17:38:59,178 - INFO - HTTP Request: POST https://api.cohere.com/v1/chat "HTTP/1.1 200 OK"
2025-07-16 17:38:59,926 - INFO - [INFO] Running 6 threaded searches.
2025-07-16 17:38:59,928 - INFO - [SEARCH] Querying: Donald Trump Epstein famous artists
2025-07-16 17:38:59,929 - INFO - [SEARCH] Querying: Donald Trump Epstein close friendship
2025-07-16 17:38:59,930 - INFO - [SEARCH] Querying: Trump introduced Epstein to young girls
2025-07-16 17:38:59,933 - INFO - [SEARCH] Querying: Trump interest in art
2025-07-16 17:38:59,936 - INFO - [SEARCH] Querying: Trump support for young artists
2025-07-16 17:39:02,215 - INFO - [RESULT] Trump introduced Epstein to young girls => Donald Trump and Jeffrey Epstein had a known association, but there is no verified evidence that Tru...
2025-07-16 17:39:02,217 - INFO - [SEARCH] Querying: Trump appreciation for work of women
2025-07-16 17:39:02,254 - INFO - [RESULT] Trump interest in art => Donald Trump has shown interest in art, particularly in self-portraiture. He has been criticized for...
2025-07-16 17:39:02,349 - INFO - [RESULT] Donald Trump Epstein close friendship => Donald Trump and Jeffrey Epstein had a known relationship, though Trump later denied their close fri...
2025-07-16 17:39:02,510 - INFO - [RESULT] Trump support for young artists => Donald Trump has received support from several young musicians, including Kanye West, and has alloca...
2025-07-16 17:39:02,552 - INFO - [RESULT] Donald Trump Epstein famous artists => An anonymous artist created a sculpture showing Donald Trump dancing with Jeffrey Epstein, which spa...
2025-07-16 17:39:04,249 - INFO - [RESULT] Trump appreciation for work of women => President Trump proclaimed March 2025 as Women's History Month and recognized contributions of women...
2025-07-16 17:39:04,611 - INFO - HTTP Request: POST https://api.cohere.com/v1/chat "HTTP/1.1 200 OK"
2025-07-16 17:39:09,634 - INFO - [FACT CHECK] Completed successfully.
2025-07-16 17:39:09,634 - INFO - [DONE] Fact Check completed in 11.06s
2025-07-16 17:39:12,859 - INFO - HTTP Request: POST https://api.cohere.com/v1/chat "HTTP/1.1 200 OK"
2025-07-16 17:39:12,863 - INFO - [DONE] Report generated in 3.17 seconds.
2025-07-16 17:44:53,994 - INFO - [INFO] Starting new test with model: command-light
2025-07-16 17:44:59,377 - INFO - [START] Running analysis pipeline...
2025-07-16 17:44:59,378 - INFO - [START] Summarizing 1 chunks with model `command-light` using 4 workers.
2025-07-16 17:45:01,638 - INFO - [DONE] Cohere summarization completed in 2.26 seconds.
2025-07-16 17:45:01,639 - INFO - [INFO] Final output: 156 characters across 1 chunks.
2025-07-16 17:45:02,885 - INFO - [INFO] Summarization took 3.51 seconds
2025-07-16 17:45:02,885 - INFO - [FACT CHECK] Started for input: Donald Trump and Epstein were friends and had a positive relationship. Trump also mentioned his abil...
2025-07-16 17:45:03,572 - INFO - HTTP Request: POST https://api.cohere.com/v1/chat "HTTP/1.1 200 OK"
2025-07-16 17:45:04,141 - INFO - [INFO] Running 2 threaded searches.
2025-07-16 17:45:04,142 - INFO - [SEARCH] Querying: Donald Trump Epstein friends
2025-07-16 17:45:04,143 - INFO - [SEARCH] Querying: Donald Trump Epstein connect with young girls
2025-07-16 17:45:05,926 - INFO - [RESULT] Donald Trump Epstein friends => Donald Trump and Jeffrey Epstein had a close relationship, with Epstein claiming to be Trump's close...
2025-07-16 17:45:06,792 - INFO - [RESULT] Donald Trump Epstein connect with young girls => Donald Trump and Jeffrey Epstein had connections, but Trump has denied any inappropriate behavior wi...
2025-07-16 17:45:07,134 - INFO - HTTP Request: POST https://api.cohere.com/v1/chat "HTTP/1.1 200 OK"
2025-07-16 17:45:09,178 - INFO - [FACT CHECK] Completed successfully.
2025-07-16 17:45:09,179 - INFO - [DONE] Fact Check completed in 6.29s
2025-07-16 17:45:09,179 - INFO - [INFO] Fact Check took 6.29 seconds
2025-07-16 17:45:10,982 - INFO - HTTP Request: POST https://api.cohere.com/v1/chat "HTTP/1.1 200 OK"
2025-07-16 17:45:10,989 - INFO - [DONE] Report generated in 1.76 seconds.
2025-07-16 17:45:10,990 - INFO - [INFO] Report generation took 1.81 seconds
2025-07-16 17:45:10,991 - INFO - [INFO] Total pipeline time: 11.61 seconds
2025-07-16 17:45:10,991 - INFO - [INFO] Report preview:
- Epstein claimed that Donald Trump was his closest friend and had a proclivity for sex with others' wives.

- This claim is partially accurate – they did share a close relationship, but it is refuted that Donald Trump had any inappropriate contact with young girls, or any sexual activities with Epstein relating wives.

- Epstein's claims and connection with this subject have not been confirmed, a...

2025-07-16 17:45:10,992 - INFO - [END] Report generated.
2025-07-16 17:51:53,156 - INFO - [INFO] Starting new test with model: command-light
2025-07-16 17:51:57,135 - INFO - [START] Running analysis pipeline...
2025-07-16 17:51:57,136 - INFO - [START] Summarizing 1 chunks with model `command-light` using 4 workers.
2025-07-16 17:52:00,068 - INFO - [DONE] Cohere summarization completed in 2.93 seconds.
2025-07-16 17:52:00,069 - INFO - [INFO] Final output: 254 characters across 1 chunks.
2025-07-16 17:52:01,057 - INFO - [INFO] Summarization took 3.92 seconds
2025-07-16 17:52:01,058 - INFO - [FACT CHECK] Started for input: Donald Trump and Epstien were both famous for their flamboyant style and their unique accomplishment...
2025-07-16 17:52:01,699 - INFO - HTTP Request: POST https://api.cohere.com/v1/chat "HTTP/1.1 200 OK"
2025-07-16 17:52:02,338 - INFO - [INFO] Running 3 threaded searches.
2025-07-16 17:52:02,339 - INFO - [SEARCH] Querying: Donald Trump flamboyant style
2025-07-16 17:52:02,340 - INFO - [SEARCH] Querying: Donald Trump and Epstein mutual respect
2025-07-16 17:52:02,344 - INFO - [SEARCH] Querying: Trump success friendship with Epstein and young girls
2025-07-16 17:52:04,499 - INFO - [RESULT] Trump success friendship with Epstein and young girls => Donald Trump and Jeffrey Epstein had a documented friendship, but Trump has denied it in recent year...
2025-07-16 17:52:04,665 - INFO - [RESULT] Donald Trump and Epstein mutual respect => Donald Trump and Jeffrey Epstein had a complex relationship; Trump denied being close friends, while...
2025-07-16 17:52:05,042 - INFO - [RESULT] Donald Trump flamboyant style => Donald Trump's style is known for its extravagance and boldness. He often wore colorful suits and la...
2025-07-16 17:52:05,398 - INFO - HTTP Request: POST https://api.cohere.com/v1/chat "HTTP/1.1 200 OK"
2025-07-16 17:52:08,636 - INFO - [FACT CHECK] Completed successfully.
2025-07-16 17:52:08,637 - INFO - [DONE] Fact Check completed in 7.58s
2025-07-16 17:52:08,639 - INFO - [INFO] Fact Check took 7.58 seconds
2025-07-16 17:52:10,762 - INFO - HTTP Request: POST https://api.cohere.com/v1/chat "HTTP/1.1 200 OK"
2025-07-16 17:52:10,767 - INFO - [DONE] Report generated in 2.07 seconds.
2025-07-16 17:52:10,768 - INFO - [INFO] Report generation took 2.13 seconds
2025-07-16 17:52:10,768 - INFO - [INFO] Total pipeline time: 13.63 seconds
2025-07-16 17:52:10,769 - INFO - [INFO] Report preview:
Here is your fact-check report: 

Based on the summary, it is a high-confidence level that the claim of friendship with Donald Trump and Jeffrey Epstein that led to Trump's success is partially accurate. The report suggests that it is true they shared a flamboyant style, but it's unclear whether their friendship had any impact. 

The fact check found that the statement is inaccurate by reviewing t...

2025-07-16 17:52:10,770 - INFO - [END] Report generated.
2025-07-16 17:55:00,433 - INFO - [INFO] Starting new test with model: command-light
2025-07-16 17:55:05,220 - INFO - [START] Running analysis pipeline...
2025-07-16 17:55:05,220 - INFO - [START] Summarizing 1 chunks with model `command-light` using 4 workers.
2025-07-16 17:55:07,498 - INFO - [DONE] Cohere summarization completed in 2.28 seconds.
2025-07-16 17:55:07,499 - INFO - [INFO] Final output: 191 characters across 1 chunks.
2025-07-16 17:55:08,433 - INFO - [INFO] Summarization took 3.21 seconds
2025-07-16 17:55:08,434 - INFO - [FACT CHECK] Started for input: Trump and Epstein were friends and had a mutually beneficial relationship. Trump used Epstein to con...
2025-07-16 17:55:09,010 - INFO - HTTP Request: POST https://api.cohere.com/v1/chat "HTTP/1.1 200 OK"
2025-07-16 17:55:09,997 - INFO - [INFO] Running 4 threaded searches.
2025-07-16 17:55:09,998 - INFO - [SEARCH] Querying: Trump Epstein friends
2025-07-16 17:55:10,000 - INFO - [SEARCH] Querying: Trump Epstein mutually beneficial relationship
2025-07-16 17:55:10,001 - INFO - [SEARCH] Querying: Trump Epstein connect with young girls
2025-07-16 17:55:10,005 - INFO - [SEARCH] Querying: Epstein entertainment and services young girls
2025-07-16 17:55:12,015 - INFO - [RESULT] Trump Epstein mutually beneficial relationship => Donald Trump and Jeffrey Epstein had a relationship in the late 1980s and early 1990s. Their connect...
2025-07-16 17:55:12,180 - INFO - [RESULT] Trump Epstein connect with young girls => Donald Trump and Jeffrey Epstein had a known connection; Epstein claimed Trump had a sexual relation...
2025-07-16 17:55:12,325 - INFO - [RESULT] Trump Epstein friends => Donald Trump and Jeffrey Epstein had a complex relationship; Trump denied being close friends, while...
2025-07-16 17:55:13,632 - INFO - [RESULT] Epstein entertainment and services young girls => Jeffrey Epstein was convicted for sex trafficking involving underage girls. He faced charges related...
2025-07-16 17:55:13,977 - INFO - HTTP Request: POST https://api.cohere.com/v1/chat "HTTP/1.1 200 OK"
2025-07-16 17:55:16,841 - INFO - [FACT CHECK] Completed successfully.
2025-07-16 17:55:16,842 - INFO - [DONE] Fact Check completed in 8.41s
2025-07-16 17:55:16,842 - INFO - [INFO] Fact Check took 8.41 seconds
2025-07-16 17:55:19,838 - INFO - HTTP Request: POST https://api.cohere.com/v1/chat "HTTP/1.1 200 OK"
2025-07-16 17:55:19,843 - INFO - [DONE] Report generated in 2.97 seconds.
2025-07-16 17:55:19,843 - INFO - [INFO] Report generation took 3.00 seconds
2025-07-16 17:55:19,844 - INFO - [INFO] Total pipeline time: 14.62 seconds
2025-07-16 17:55:19,844 - INFO - [INFO] Report preview:
Here is a draft of your report: 

"Jeffrey Epstein and Donald Trump had a relationship that was both complicated and mutually beneficial. Trump used Epstein's connections to many young women, and Epstein provided entertainment and services to those women. 

While it is true that Epstein held sex trafficking involving underage girls and provided entertainment, there is no evidence to suggest Trump ...

2025-07-16 17:55:19,845 - INFO - [END] Report generated.
2025-07-16 17:58:12,276 - INFO - [INFO] Starting new test with model: command-light
2025-07-16 17:58:18,753 - INFO - [INFO] Running pipeline test with sample transcript...

2025-07-16 17:58:18,755 - INFO - [START] Running analysis pipeline...
2025-07-16 17:58:18,756 - INFO - [START] Summarizing 1 chunks with model `command-light` using 4 workers.
2025-07-16 17:58:22,292 - INFO - [DONE] Cohere summarization completed in 3.54 seconds.
2025-07-16 17:58:22,294 - INFO - [INFO] Final output: 177 characters across 1 chunks.
2025-07-16 17:58:23,939 - INFO - [INFO] Summarization took 5.18 seconds
2025-07-16 17:58:23,939 - INFO - [FACT CHECK] Started for input: Donald Trump and Erica Ernst were friends and had a mutual respect for each other. Trump introduced ...
2025-07-16 17:58:24,643 - INFO - HTTP Request: POST https://api.cohere.com/v1/chat "HTTP/1.1 200 OK"
2025-07-16 17:58:25,301 - INFO - [INFO] Running 2 threaded searches.
2025-07-16 17:58:25,302 - INFO - [SEARCH] Querying: Donald Trump Erica Ernst friends
2025-07-16 17:58:25,303 - INFO - [SEARCH] Querying: Erica Ernst political power
2025-07-16 17:58:27,291 - INFO - [RESULT] Erica Ernst political power => Joni Ernst is a U.S. Senator from Iowa with a focus on military issues. She has not yet endorsed Eri...
2025-07-16 17:58:27,593 - INFO - [RESULT] Donald Trump Erica Ernst friends => Donald Trump and Erica Ernst have no known personal friendship. Ernst has not supported Pete Hegseth...
2025-07-16 17:58:27,938 - INFO - HTTP Request: POST https://api.cohere.com/v1/chat "HTTP/1.1 200 OK"
2025-07-16 17:58:29,322 - INFO - [FACT CHECK] Completed successfully.
2025-07-16 17:58:29,322 - INFO - [DONE] Fact Check completed in 5.38s
2025-07-16 17:58:29,323 - INFO - [INFO] Fact Check took 5.38 seconds
2025-07-16 17:58:31,419 - INFO - HTTP Request: POST https://api.cohere.com/v1/chat "HTTP/1.1 200 OK"
2025-07-16 17:58:31,427 - INFO - [DONE] Report generated in 2.04 seconds.
2025-07-16 17:58:31,427 - INFO - [INFO] Report generation took 2.10 seconds
2025-07-16 17:58:31,428 - INFO - [INFO] Total pipeline time: 12.67 seconds
2025-07-16 17:58:31,428 - INFO - [INFO] Report preview:
Here is your fact-check report: 

- The summary states that Donald Trump introduced Erica Ernst to many young girls, which gives her political power. This is partially accurate because Ernst does have some influence on the Iowa Senate. However, it is not true that Trump introduced Ernst to any young girls or that their relationship has given her political power as mentioned. 

- The fact-check par...

2025-07-16 17:58:31,431 - INFO - [END] Report generated.
2025-07-16 18:01:03,776 - INFO - [INFO] Starting new test with model: command-light
2025-07-16 18:01:11,205 - INFO - [INFO] Running pipeline test with sample transcript...

2025-07-16 18:01:11,205 - INFO - [START] Running analysis pipeline...
2025-07-16 18:01:11,206 - INFO - [START] Summarizing 1 chunks with model `command-light` using 4 workers.
2025-07-16 18:01:13,763 - INFO - [DONE] Cohere summarization completed in 2.56 seconds.
2025-07-16 18:01:13,763 - INFO - [INFO] Final output: 230 characters across 1 chunks.
2025-07-16 18:01:14,720 - INFO - [INFO] Summarization took 3.51 seconds
2025-07-16 18:01:14,720 - INFO - [FACT CHECK] Started for input: Donald Trump and Epstien were close, and Trump credits this friendship with his introduction to many...
2025-07-16 18:01:20,495 - INFO - HTTP Request: POST https://api.cohere.com/v1/chat "HTTP/1.1 200 OK"
2025-07-16 18:01:21,191 - INFO - [INFO] Running 2 threaded searches.
2025-07-16 18:01:21,192 - INFO - [SEARCH] Querying: Donald Trump Epstein friendship
2025-07-16 18:01:21,193 - INFO - [SEARCH] Querying: Donald Trump art culture German-American
2025-07-16 18:01:23,278 - INFO - [RESULT] Donald Trump Epstein friendship => Donald Trump and Jeffrey Epstein had a known relationship, with Epstein claiming to be Trump's "clos...
2025-07-16 18:01:23,609 - INFO - [RESULT] Donald Trump art culture German-American => Donald Trump has been associated with controversial cultural policies, including references to "dege...
2025-07-16 18:01:23,961 - INFO - HTTP Request: POST https://api.cohere.com/v1/chat "HTTP/1.1 200 OK"
2025-07-16 18:01:26,899 - INFO - [FACT CHECK] Completed successfully.
2025-07-16 18:01:26,900 - INFO - [DONE] Fact Check completed in 12.18s
2025-07-16 18:01:26,900 - INFO - [INFO] Fact Check took 12.18 seconds
2025-07-16 18:01:28,943 - INFO - HTTP Request: POST https://api.cohere.com/v1/chat "HTTP/1.1 200 OK"
2025-07-16 18:01:28,949 - INFO - [DONE] Report generated in 2.00 seconds.
2025-07-16 18:01:28,949 - INFO - [INFO] Report generation took 2.05 seconds
2025-07-16 18:01:28,950 - INFO - [INFO] Total pipeline time: 17.74 seconds
2025-07-16 18:01:28,951 - INFO - [INFO] Report preview:
Here is your fact-check report: 

"Confirmed Claims": The association of Donald Trump with Jeffrey Epstein and his interest in art and culture is true. It is also accurate to state that Trump had friendships with Epstein. 

However, some of the information provided is not entirely accurate. While it is true that Trump and Epstein had a friendship, the former president has denied any closeness or s...

2025-07-16 18:01:28,952 - INFO - [END] Report generated.
2025-07-16 18:03:00,655 - INFO - [INFO] Starting new test with model: command-light
2025-07-16 18:03:04,628 - INFO - [INFO] Running pipeline test with sample transcript...

2025-07-16 18:03:04,629 - INFO - [START] Running analysis pipeline...
2025-07-16 18:03:04,629 - INFO - [START] Summarizing 1 chunks with model `command-light` using 4 workers.
2025-07-16 18:03:06,845 - INFO - [DONE] Cohere summarization completed in 2.22 seconds.
2025-07-16 18:03:06,845 - INFO - [INFO] Final output: 151 characters across 1 chunks.
2025-07-16 18:03:08,686 - INFO - [INFO] Summarization took 4.06 seconds
2025-07-16 18:03:08,687 - INFO - [FACT CHECK] Started for input: Donald Trump and Epstein were friends who had many mutual connections. Trump also mentioned introduc...
2025-07-16 18:03:09,296 - INFO - HTTP Request: POST https://api.cohere.com/v1/chat "HTTP/1.1 200 OK"
2025-07-16 18:03:09,878 - INFO - [INFO] Running 2 threaded searches.
2025-07-16 18:03:09,880 - INFO - [SEARCH] Querying: Donald Trump Epstein friends
2025-07-16 18:03:09,880 - INFO - [SEARCH] Querying: Donald Trump interest in young girls Epstein
2025-07-16 18:03:12,203 - INFO - [RESULT] Donald Trump interest in young girls Epstein => Donald Trump has denied any inappropriate interest in young girls and has been investigated in conne...
2025-07-16 18:03:12,294 - INFO - [RESULT] Donald Trump Epstein friends => Donald Trump and Jeffrey Epstein had a close relationship, with Epstein claiming to be Trump's close...
2025-07-16 18:03:12,648 - INFO - HTTP Request: POST https://api.cohere.com/v1/chat "HTTP/1.1 200 OK"
2025-07-16 18:03:14,777 - INFO - [FACT CHECK] Completed successfully.
2025-07-16 18:03:14,777 - INFO - [DONE] Fact Check completed in 6.09s
2025-07-16 18:03:14,777 - INFO - [INFO] Fact Check took 6.09 seconds
2025-07-16 18:03:16,924 - INFO - HTTP Request: POST https://api.cohere.com/v1/chat "HTTP/1.1 200 OK"
2025-07-16 18:03:16,929 - INFO - [DONE] Report generated in 2.10 seconds.
2025-07-16 18:03:16,930 - INFO - [INFO] Report generation took 2.15 seconds
2025-07-16 18:03:16,930 - INFO - [INFO] Total pipeline time: 12.30 seconds
2025-07-16 18:03:16,931 - INFO - [INFO] Report preview:
Here is your report:

Based on the summary, the claim is that Donald Trump and Jeffrey Epstein had a close friendship and similar connections, and that Trump had an interest in young girls through this connection. This is accurate in part. There were reports that Epstein and Trump had a close friendship, and Epstein's recordings suggested that Trump had a proclivity for sex with others' wives, whi...

2025-07-16 18:03:16,932 - INFO - [END] Report generated.
2025-07-16 18:07:29,742 - INFO - [INFO] Starting new test with model: command-light
2025-07-16 18:07:34,336 - INFO - [INFO] Running pipeline test with sample transcript...

2025-07-16 18:07:34,338 - INFO - [START] Running analysis pipeline...
2025-07-16 18:07:34,340 - INFO - [START] Summarizing 1 chunks with model `command-light` using 4 workers.
2025-07-16 18:07:36,541 - INFO - [DONE] Cohere summarization completed in 2.20 seconds.
2025-07-16 18:07:36,543 - INFO - [INFO] Final output: 222 characters across 1 chunks.
2025-07-16 18:07:37,330 - INFO - [INFO] Summarization took 2.99 seconds
2025-07-16 18:07:37,331 - INFO - [FACT CHECK] Started for input: Donald Trump and Epstien were friends and had a mutual affection for young girls. Trump claimed that...
2025-07-16 18:07:37,923 - INFO - HTTP Request: POST https://api.cohere.com/v1/chat "HTTP/1.1 200 OK"
2025-07-16 18:07:39,026 - INFO - [INFO] Running 4 threaded searches.
2025-07-16 18:07:39,027 - INFO - [SEARCH] Querying: Donald Trump and Epstein were friends
2025-07-16 18:07:39,028 - INFO - [SEARCH] Querying: Donald Trump and Epstein mutual affection for young girls
2025-07-16 18:07:39,029 - INFO - [SEARCH] Querying: Trump said relationship with Epstein was positive and beneficial
2025-07-16 18:07:39,032 - INFO - [SEARCH] Querying: Trump said he was a result of his friendship with Epstein
2025-07-16 18:07:41,063 - INFO - [RESULT] Trump said relationship with Epstein was positive and beneficial => Donald Trump once described Jeffrey Epstein as a "terrific guy," but later denied any close relation...
2025-07-16 18:07:41,427 - INFO - [RESULT] Donald Trump and Epstein mutual affection for young girls => Donald Trump and Jeffrey Epstein were linked in allegations of inappropriate relationships with youn...
2025-07-16 18:07:41,476 - INFO - [RESULT] Donald Trump and Epstein were friends => Donald Trump and Jeffrey Epstein had a documented relationship, with Epstein claiming they were clos...
2025-07-16 18:07:45,085 - INFO - [RESULT] Trump said he was a result of his friendship with Epstein => Donald Trump has denied a close friendship with Jeffrey Epstein. Epstein claimed in recordings that ...
2025-07-16 18:07:45,457 - INFO - HTTP Request: POST https://api.cohere.com/v1/chat "HTTP/1.1 200 OK"
2025-07-16 18:07:48,978 - INFO - [FACT CHECK] Completed successfully.
2025-07-16 18:07:48,978 - INFO - [DONE] Fact Check completed in 11.65s
2025-07-16 18:07:48,979 - INFO - [INFO] Fact Check took 11.65 seconds
2025-07-16 18:07:51,068 - INFO - HTTP Request: POST https://api.cohere.com/v1/chat "HTTP/1.1 200 OK"
2025-07-16 18:07:51,073 - INFO - [DONE] Report generated in 2.05 seconds.
2025-07-16 18:07:51,074 - INFO - [INFO] Report generation took 2.09 seconds
2025-07-16 18:07:51,075 - INFO - [INFO] Total pipeline time: 16.74 seconds
2025-07-16 18:07:51,077 - INFO - [INFO] Report preview:
Here is your fact-check report: 

Based on the summary, it is a high-confidence fact check with accurate and reliable content. The claim is partially accurate to say that Donald Trump and Jeffrey Epstein had a beneficial relationship. Donald Trump's denial of their relationship with Epstein and focus on their different narratives. 

Both men were associated with sexual misconduct allegations, part...

2025-07-16 18:07:51,086 - INFO - [END] Report generated.
2025-07-16 18:09:53,129 - INFO - [INFO] Starting new test with model: command-light
2025-07-16 18:11:36,612 - INFO - [INFO] Loaded Whisper model 'base' on CPU in 3.50s
2025-07-16 18:11:36,615 - INFO - [START] Transcribing file: C:\Users\moazh\Desktop\Podcast_Audio_RAG\temp\tmpzqgirpzi.mp3
2025-07-16 18:11:38,886 - INFO - Processing audio with duration 04:10.984
2025-07-16 18:13:04,191 - INFO - [DONE] Transcription completed in 87.57s
2025-07-16 18:13:04,205 - INFO - [INFO] Duration: 250.98s | Language: en | Segments: 52
2025-07-16 18:13:04,458 - INFO - Transcription took 91.37 seconds
2025-07-16 18:13:04,509 - INFO - [START] Running analysis pipeline...
2025-07-16 18:13:04,521 - INFO - [START] Summarizing 3 chunks with model `command-light` using 4 workers.
2025-07-16 18:13:13,693 - INFO - [DONE] Cohere summarization completed in 9.18 seconds.
2025-07-16 18:13:13,694 - INFO - [INFO] Final output: 1407 characters across 3 chunks.
2025-07-16 18:13:15,511 - INFO - [INFO] Summarization took 11.00 seconds
2025-07-16 18:13:15,520 - INFO - [FACT CHECK] Started for input: The podcast transcript discusses Space X's most recent rocket launch, called Starship. The launch wa...
2025-07-16 18:13:17,111 - INFO - HTTP Request: POST https://api.cohere.com/v1/chat "HTTP/1.1 200 OK"
2025-07-16 18:13:18,230 - INFO - [INFO] Running 7 threaded searches.
2025-07-16 18:13:18,232 - INFO - [SEARCH] Querying: Space X Starship launch Texas
2025-07-16 18:13:18,234 - INFO - [SEARCH] Querying: Space X fuel leak
2025-07-16 18:13:18,240 - INFO - [SEARCH] Querying: Space X emergency contingency features
2025-07-16 18:13:18,248 - INFO - [SEARCH] Querying: Space X launch March 2023
2025-07-16 18:13:18,254 - INFO - [SEARCH] Querying: Space X Elon Musk failure quote
2025-07-16 18:13:20,314 - INFO - [RESULT] Space X launch March 2023 => In March 2023, SpaceX launched two rockets less than five hours apart on March 17. The missions incl...
2025-07-16 18:13:20,315 - INFO - [SEARCH] Querying: Jeff Brumfield SpaceX NASA Mars
2025-07-16 18:13:20,418 - INFO - [RESULT] Space X Elon Musk failure quote => Elon Musk stated, "Failure is an option here. If you're not failing, you're not innovating enough." ...
2025-07-16 18:13:20,419 - INFO - [SEARCH] Querying: Space X moon landing 2027
2025-07-16 18:13:20,589 - INFO - [RESULT] Space X fuel leak => SpaceX has experienced multiple fuel leaks, notably during flight 9, leading to mission failure. Elo...
2025-07-16 18:13:20,660 - INFO - [RESULT] Space X emergency contingency features => SpaceX has an integrated escape system for Crew Dragon using SuperDraco thrusters. It can quickly ev...
2025-07-16 18:13:21,432 - INFO - [RESULT] Space X Starship launch Texas => SpaceX launched Starship from Starbase in Texas on July 16, 2025. The ninth flight test marked a mil...
2025-07-16 18:13:22,593 - INFO - [RESULT] Jeff Brumfield SpaceX NASA Mars => Jeff Brumfield witnessed Starship launches and SpaceX aims for Mars; however, environmental concerns...
2025-07-16 18:13:22,838 - INFO - [RESULT] Space X moon landing 2027 => SpaceX plans to launch Intuitive Machines' IM-4 moon lander in 2027, but NASA's lunar landing is unc...
2025-07-16 18:13:23,222 - INFO - HTTP Request: POST https://api.cohere.com/v1/chat "HTTP/1.1 200 OK"
2025-07-16 18:13:27,190 - INFO - [FACT CHECK] Completed successfully.
2025-07-16 18:13:27,190 - INFO - [DONE] Fact Check completed in 11.67s
2025-07-16 18:13:27,191 - INFO - [INFO] Fact Check took 11.67 seconds
2025-07-16 18:13:30,589 - INFO - HTTP Request: POST https://api.cohere.com/v1/chat "HTTP/1.1 200 OK"
2025-07-16 18:13:30,601 - INFO - [DONE] Report generated in 3.33 seconds.
2025-07-16 18:13:30,602 - INFO - [INFO] Report generation took 3.41 seconds
2025-07-16 18:13:30,609 - INFO - [INFO] Total pipeline time: 26.10 seconds
2025-07-16 18:13:30,614 - INFO - [INFO] Report preview:
Here is your report: 

This is a Fact Check report based on a podcast transcript discussing SpaceX's recent rocket launch. It covers the recent success and challenges faced by the company. The report is partially accurate in its representation of the launch that occurred in Texas. It does hold true that there were tests involving emergency contingencies the ship could perform. There was also menti...

2025-07-16 18:13:30,620 - INFO - [END] Report generated.
2025-07-16 18:13:30,624 - INFO - Report generation took 26.16 seconds
2025-07-16 18:13:30,626 - INFO - Total processing time: 117.54 seconds
2025-07-16 18:20:05,675 - INFO - [INFO] Starting new test with model: command-light
2025-07-16 18:20:58,725 - INFO - [INFO] Starting new test with model: command-light
2025-07-16 18:22:49,232 - INFO - [INFO] Loaded Whisper model 'base' on CPU in 4.20s
2025-07-16 18:22:49,234 - INFO - [START] Transcribing file: C:\Users\moazh\Desktop\Podcast_Audio_RAG\temp\tmp0gbkrbdy.mp3
2025-07-16 18:22:51,804 - INFO - Processing audio with duration 04:10.984
2025-07-16 18:24:12,627 - INFO - [DONE] Transcription completed in 83.39s
2025-07-16 18:24:12,636 - INFO - [INFO] Duration: 250.98s | Language: en | Segments: 52
2025-07-16 18:24:12,808 - INFO - Transcription took 87.78 seconds
2025-07-16 18:24:12,828 - INFO - [START] Running analysis pipeline...
2025-07-16 18:24:12,842 - INFO - [START] Summarizing 3 chunks with model `command-light` using 4 workers.
2025-07-16 18:24:20,158 - INFO - [DONE] Cohere summarization completed in 7.32 seconds.
2025-07-16 18:24:20,160 - INFO - [INFO] Final output: 1544 characters across 3 chunks.
2025-07-16 18:24:22,188 - INFO - [INFO] Summarization took 9.35 seconds
2025-07-16 18:24:22,192 - INFO - [FACT CHECK] Started for input: The podcast transcript discusses Space X's recent test launch of the Starship rocket from Starbase i...
2025-07-16 18:24:23,611 - INFO - HTTP Request: POST https://api.cohere.com/v1/chat "HTTP/1.1 200 OK"
2025-07-16 18:24:25,632 - INFO - [INFO] Running 5 threaded searches.
2025-07-16 18:24:25,634 - INFO - [SEARCH] Querying: Space X test launch of the Starship rocket from Starbase in Texas
2025-07-16 18:24:25,635 - INFO - [SEARCH] Querying: Fuel leaks leading to slow tumble and burning in atmosphere for SpaceX's Starship rocket
2025-07-16 18:24:25,648 - INFO - [SEARCH] Querying: SpaceX Starship rocket launch failures including exploding starship and engine issue
2025-07-16 18:24:25,673 - INFO - [SEARCH] Querying: Elon Musk's comments on SpaceX launch program
2025-07-16 18:24:25,677 - INFO - [SEARCH] Querying: Jeff Brumfield's comments on SpaceX's goal to send humans to Mars by 2027
2025-07-16 18:24:27,913 - INFO - [RESULT] Elon Musk's comments on SpaceX launch program => SpaceX plans to launch the next Starship flight in about three weeks, according to Elon Musk. The co...
2025-07-16 18:24:28,064 - INFO - [RESULT] Jeff Brumfield's comments on SpaceX's goal to send humans to Mars by 2027 => Jeff Brumfield has expressed skepticism about SpaceX's goal to send humans to Mars by 2027, citing t...
2025-07-16 18:24:28,259 - INFO - [RESULT] SpaceX Starship rocket launch failures including exploding starship and engine issue => SpaceX's Starship experienced failures due to engine issues and explosions, notably during Flight 8 ...
2025-07-16 18:24:28,540 - INFO - [RESULT] Space X test launch of the Starship rocket from Starbase in Texas => SpaceX's ninth Starship test flight launched on May 27, 2024. The next test flight is scheduled for ...
2025-07-16 18:24:28,621 - INFO - [RESULT] Fuel leaks leading to slow tumble and burning in atmosphere for SpaceX's Starship rocket => Fuel leaks in SpaceX's Starship caused an uncontrolled spin, leading to breakup during re-entry. The...
2025-07-16 18:24:28,980 - INFO - HTTP Request: POST https://api.cohere.com/v1/chat "HTTP/1.1 200 OK"
2025-07-16 18:24:33,458 - INFO - [FACT CHECK] Completed successfully.
2025-07-16 18:24:33,458 - INFO - [DONE] Fact Check completed in 11.27s
2025-07-16 18:24:33,459 - INFO - [INFO] Fact Check took 11.27 seconds
2025-07-16 18:24:37,155 - INFO - HTTP Request: POST https://api.cohere.com/v1/chat "HTTP/1.1 200 OK"
2025-07-16 18:24:37,163 - INFO - [DONE] Report generated in 3.61 seconds.
2025-07-16 18:24:37,163 - INFO - [INFO] Report generation took 3.70 seconds
2025-07-16 18:24:37,166 - INFO - [INFO] Total pipeline time: 24.34 seconds
2025-07-16 18:24:37,168 - INFO - [INFO] Report preview:
Here is your fact-check report: 

The summary correctly states that the host has mentioned the recent launch of SpaceX's Starship rocket from Starbase in Texas to test emergency contingency features. It also mentions the fact that the rocket faced fuel leaks, leading to a slow tumble and eventual atmospheric burning. The claim is accurate, as it reflects the reality of the event.

However, there a...

2025-07-16 18:24:37,173 - INFO - [END] Report generated.
2025-07-16 18:24:37,178 - INFO - Report generation took 24.35 seconds
2025-07-16 18:24:37,182 - INFO - Total processing time: 112.15 seconds
2025-07-16 18:37:58,320 - INFO - [INFO] Starting new test with model: command-light
2025-07-16 18:38:21,311 - INFO - [INFO] Running pipeline test with sample transcript...

2025-07-16 18:38:21,315 - INFO - [START] Running analysis pipeline...
2025-07-16 18:38:21,323 - INFO - [START] Summarizing 3 chunks with model `command-light` using 4 workers.
2025-07-16 18:38:36,842 - INFO - [DONE] Cohere summarization completed in 15.52 seconds.
2025-07-16 18:38:36,843 - INFO - [INFO] Final output: 1959 characters across 3 chunks.
2025-07-16 18:38:37,991 - INFO - [INFO] Summarization took 16.67 seconds
2025-07-16 18:38:37,992 - INFO - [FACT CHECK] Started for input: The podcast transcript discusses Space X's most recent rocket launch, Starship. The launch was from ...
2025-07-16 18:38:38,779 - INFO - HTTP Request: POST https://api.cohere.com/v1/chat "HTTP/1.1 200 OK"
2025-07-16 18:38:39,659 - INFO - [INFO] Running 5 threaded searches.
2025-07-16 18:38:39,660 - INFO - [SEARCH] Querying: Space X starship recent launch
2025-07-16 18:38:39,661 - INFO - [SEARCH] Querying: Starbase Texas fuel leak
2025-07-16 18:38:39,662 - INFO - [SEARCH] Querying: SpaceX iterative development process
2025-07-16 18:38:39,665 - INFO - [SEARCH] Querying: Starship Mars
2025-07-16 18:38:39,672 - INFO - [SEARCH] Querying: NASA 2027 lunar landing
2025-07-16 18:38:43,379 - INFO - [RESULT] Starbase Texas fuel leak => A fuel leak caused the SpaceX Starship to explode during a test flight in Texas. The leak led to pre...
2025-07-16 18:38:45,270 - INFO - [RESULT] NASA 2027 lunar landing => NASA's first lunar landing since the Apollo era is scheduled for mid-2027. The Artemis III mission w...
2025-07-16 18:38:51,830 - INFO - [RESULT] SpaceX iterative development process => SpaceX uses an iterative development process, building, testing, and improving rockets like Falcon 1...
2025-07-16 18:38:53,399 - INFO - [RESULT] Space X starship recent launch => SpaceX plans to launch the 10th Starship test flight in about three weeks. The launch date is set fo...
2025-07-16 18:38:56,998 - INFO - [RESULT] Starship Mars => SpaceX plans to launch Starship missions to Mars in 2026. Starship aims to transport humans and carg...
2025-07-16 18:38:57,380 - INFO - HTTP Request: POST https://api.cohere.com/v1/chat "HTTP/1.1 200 OK"
2025-07-16 18:39:01,664 - INFO - [FACT CHECK] Completed successfully.
2025-07-16 18:39:01,665 - INFO - [DONE] Fact Check completed in 23.67s
2025-07-16 18:39:01,666 - INFO - [INFO] Fact Check took 23.67 seconds
2025-07-16 18:39:03,783 - INFO - HTTP Request: POST https://api.cohere.com/v1/chat "HTTP/1.1 200 OK"
2025-07-16 18:39:03,788 - INFO - [DONE] Report generated in 2.06 seconds.
2025-07-16 18:39:03,789 - INFO - [INFO] Report generation took 2.12 seconds
2025-07-16 18:39:03,791 - INFO - [INFO] Total pipeline time: 42.48 seconds
2025-07-16 18:39:03,794 - INFO - [INFO] Report preview:
The summary provided an accurate account of SpaceX's recent rocket launch from Starbase in Texas. The launch involved a successful separation of the superheavy booster and an atmospheric fire demonstration. However, the podcast transcript also discussed the challenges faced during the mission, including the need for further tests and innovative solutions.

The fact-check portion of the report accu...

2025-07-16 18:39:03,797 - INFO - [END] Report generated.
2025-07-16 19:08:48,511 - INFO - [INFO] Starting new test with model: command-light
2025-07-16 19:08:54,464 - INFO - [INFO] Running pipeline test with sample transcript...

2025-07-16 19:08:54,467 - INFO - [START] Running analysis pipeline...
2025-07-16 19:08:54,472 - INFO - [START] Summarizing 3 chunks with model `command-light` using 4 workers.
2025-07-16 19:16:05,622 - INFO - [INFO] Starting new test with model: command-light
2025-07-16 19:16:12,635 - INFO - [INFO] Running pipeline test with sample transcript...

2025-07-16 19:16:12,639 - INFO - [START] Running analysis pipeline...
2025-07-16 19:16:12,646 - INFO - [START] Summarizing 3 chunks with model `command-light` using 4 workers.
2025-07-16 19:16:18,893 - INFO - [DONE] Cohere summarization completed in 6.25 seconds.
2025-07-16 19:16:18,894 - INFO - [INFO] Final output: 1434 characters across 3 chunks.
2025-07-16 19:16:20,571 - INFO - [INFO] Summarization took 7.93 seconds
2025-07-16 19:16:20,573 - INFO - [FACT CHECK] Started for input: The podcast transcript discusses Space X's most recent rocket launch, named Starship. The launch was...
2025-07-16 19:16:21,949 - INFO - HTTP Request: POST https://api.cohere.com/v1/chat "HTTP/1.1 200 OK"
2025-07-16 19:16:22,745 - INFO - [INFO] Running 5 threaded searches.
2025-07-16 19:16:22,747 - INFO - [SEARCH] Querying: Space X Starship launch Texas
2025-07-16 19:16:22,748 - INFO - [SEARCH] Querying: SpaceX Starship fuel leak
2025-07-16 19:16:22,749 - INFO - [SEARCH] Querying: SpaceX Starship March 2025 explosion
2025-07-16 19:16:22,756 - INFO - [SEARCH] Querying: SpaceX Mars mission 2026
2025-07-16 19:16:22,761 - INFO - [SEARCH] Querying: NASA moon landing 2027
2025-07-16 19:16:24,802 - INFO - [RESULT] SpaceX Starship March 2025 explosion => In March 2025, SpaceX's Starship rocket experienced an explosion in Texas. This was the second failu...
2025-07-16 19:16:24,850 - INFO - [RESULT] SpaceX Starship fuel leak => SpaceX Starship test flight 9 failed due to a fuel leak, leading to disintegration. The leak caused ...
2025-07-16 19:16:24,857 - INFO - [RESULT] SpaceX Mars mission 2026 => SpaceX plans to launch its first Starship mission to Mars in 2026. The mission aims to transport hum...
2025-07-16 19:16:24,904 - INFO - [RESULT] NASA moon landing 2027 => NASA's first moon landing since the Apollo era is now planned for mid-2027. Artemis 3 was delayed fr...
2025-07-16 19:16:32,488 - INFO - [RESULT] Space X Starship launch Texas => SpaceX launched Starship's ninth flight test in Texas in July 2025. The Super Heavy booster reused s...
2025-07-16 19:16:32,871 - INFO - HTTP Request: POST https://api.cohere.com/v1/chat "HTTP/1.1 200 OK"
2025-07-16 19:16:37,056 - INFO - [FACT CHECK] Completed successfully.
2025-07-16 19:16:37,057 - INFO - [DONE] Fact Check completed in 16.48s
2025-07-16 19:16:37,058 - INFO - [INFO] Fact Check took 16.48 seconds
2025-07-16 19:16:39,609 - INFO - HTTP Request: POST https://api.cohere.com/v1/chat "HTTP/1.1 200 OK"
2025-07-16 19:16:39,614 - INFO - [INFO] Report generation took 2.55 seconds
2025-07-16 19:16:39,616 - INFO - [INFO] Total pipeline time: 26.98 seconds
2025-07-16 19:16:39,881 - INFO - [END] Report generated.
2025-07-16 19:18:44,472 - INFO - [INFO] Starting new test with model: command-light
2025-07-16 19:20:00,878 - INFO - [INFO] Loaded Whisper model 'base' on CPU in 3.27s
2025-07-16 19:20:00,879 - INFO - [START] Transcribing file: C:\Users\moazh\Desktop\Podcast_Audio_RAG\temp\tmp0ux4sitp.mp3
2025-07-16 19:20:02,354 - INFO - Processing audio with duration 04:10.984
2025-07-16 19:21:08,656 - INFO - [DONE] Transcription completed in 67.78s
2025-07-16 19:21:08,657 - INFO - [INFO] Duration: 250.98s | Language: en | Segments: 52
2025-07-16 19:21:08,701 - INFO - Transcription took 71.10 seconds
2025-07-16 19:21:08,709 - INFO - [START] Running analysis pipeline...
2025-07-16 19:21:08,720 - INFO - [START] Summarizing 3 chunks with model `command-light` using 4 workers.
2025-07-16 19:21:14,335 - INFO - [DONE] Cohere summarization completed in 5.62 seconds.
2025-07-16 19:21:14,336 - INFO - [INFO] Final output: 1673 characters across 3 chunks.
2025-07-16 19:21:15,596 - INFO - [INFO] Summarization took 6.88 seconds
2025-07-16 19:21:15,599 - INFO - [FACT CHECK] Started for input: The podcast transcript discusses Space X's recent rocket launch, specifically the Starship's test la...
2025-07-16 19:21:16,418 - INFO - HTTP Request: POST https://api.cohere.com/v1/chat "HTTP/1.1 200 OK"
2025-07-16 19:21:17,280 - INFO - [INFO] Running 4 threaded searches.
2025-07-16 19:21:17,281 - INFO - [SEARCH] Querying: Space X rocket launch issues with fuel leakage
2025-07-16 19:21:17,283 - INFO - [SEARCH] Querying: Starship test launch from Starbase Texas
2025-07-16 19:21:17,284 - INFO - [SEARCH] Querying: SpaceX Starship vehicle launch issues
2025-07-16 19:21:17,292 - INFO - [SEARCH] Querying: Jeff Brumfield SpaceX Starship program moon landing 2027
2025-07-16 19:21:19,720 - INFO - [RESULT] SpaceX Starship vehicle launch issues => SpaceX Starship faced issues with a recent launch due to a hardware failure, but plans for the next ...
2025-07-16 19:21:19,812 - INFO - [RESULT] Starship test launch from Starbase Texas => SpaceX launched Starship's ninth test flight on May 27, 2025, from Starbase Texas. The Super Heavy b...
2025-07-16 19:21:19,957 - INFO - [RESULT] Space X rocket launch issues with fuel leakage => SpaceX faced issues with fuel leaks causing failures in Falcon 9 boosters and Starship prototypes. L...
2025-07-16 19:21:22,067 - INFO - [RESULT] Jeff Brumfield SpaceX Starship program moon landing 2027 => Jeff Brumfield's SpaceX Starship is set to land humans on the Moon in 2027 as part of NASA's Artemis...
2025-07-16 19:21:22,427 - INFO - HTTP Request: POST https://api.cohere.com/v1/chat "HTTP/1.1 200 OK"
2025-07-16 19:21:25,818 - INFO - [FACT CHECK] Completed successfully.
2025-07-16 19:21:25,818 - INFO - [DONE] Fact Check completed in 10.22s
2025-07-16 19:21:25,819 - INFO - [INFO] Fact Check took 10.22 seconds
2025-07-16 19:21:28,309 - INFO - HTTP Request: POST https://api.cohere.com/v1/chat "HTTP/1.1 200 OK"
2025-07-16 19:21:28,314 - INFO - [INFO] Report generation took 2.49 seconds
2025-07-16 19:21:28,316 - INFO - [INFO] Total pipeline time: 19.61 seconds
2025-07-16 19:21:28,342 - INFO - [END] Report generated.
2025-07-16 19:21:28,345 - INFO - Report generation took 19.64 seconds
2025-07-16 19:21:28,348 - INFO - Total processing time: 90.75 seconds
